License checkout failed.
License Manager Error -15
MATLAB is unable to connect to the license server. 
Check that the license manager has been started, and that the MATLAB client machine can communicate
with the license server.

Troubleshoot this issue by visiting: 
http://www.mathworks.com/support/lme/R2011a/15

Diagnostic Information:
Feature: MATLAB 
License path: /opt/pgi/license.dat:/home/bigdata/.matlab/R2011a_licenses:/nfs4/master/opt/matlab/2011a/licenses/li
cense.dat:/nfs4/master/opt/matlab/2011a/licenses/network.lic 
FLEXnet Licensing error: -15,570. System Error: 115
Warning: Unrecognized MATLAB option "-nodisplay".
Warning: No display specified.  You will not be able to display graphics on the screen.
License checkout failed.
License Manager Error -15
MATLAB is unable to connect to the license server. 
Check that the license manager has been started, and that the MATLAB client machine can communicate
with the license server.

Troubleshoot this issue by visiting: 
http://www.mathworks.com/support/lme/R2011a/15

Diagnostic Information:
Feature: MATLAB 
License path: /opt/pgi/license.dat:/home/bigdata/.matlab/R2011a_licenses:/nfs4/master/opt/matlab/2011a/licenses/li
cense.dat:/nfs4/master/opt/matlab/2011a/licenses/network.lic 
FLEXnet Licensing error: -15,570. System Error: 115
License checkout failed.
License Manager Error -15
MATLAB is unable to connect to the license server. 
Check that the license manager has been started, and that the MATLAB client machine can communicate
with the license server.

Troubleshoot this issue by visiting: 
http://www.mathworks.com/support/lme/R2011a/15

Diagnostic Information:
Feature: MATLAB 
License path: /opt/pgi/license.dat:/home/bigdata/.matlab/R2011a_licenses:/nfs4/master/opt/matlab/2011a/licenses/li
cense.dat:/nfs4/master/opt/matlab/2011a/licenses/network.lic 
FLEXnet Licensing error: -15,570. System Error: 115
License checkout failed.
License Manager Error -15
MATLAB is unable to connect to the license server. 
Check that the license manager has been started, and that the MATLAB client machine can communicate
with the license server.

Troubleshoot this issue by visiting: 
http://www.mathworks.com/support/lme/R2011a/15

Diagnostic Information:
Feature: MATLAB 
License path: /opt/pgi/license.dat:/home/bigdata/.matlab/R2011a_licenses:/nfs4/master/opt/matlab/2011a/licenses/li
cense.dat:/nfs4/master/opt/matlab/2011a/licenses/network.lic 
FLEXnet Licensing error: -15,570. System Error: 115
License checkout failed.
License Manager Error -15
MATLAB is unable to connect to the license server. 
Check that the license manager has been started, and that the MATLAB client machine can communicate
with the license server.

Troubleshoot this issue by visiting: 
http://www.mathworks.com/support/lme/R2011a/15

Diagnostic Information:
Feature: MATLAB 
License path: /opt/pgi/license.dat:/home/bigdata/.matlab/R2011a_licenses:/nfs4/master/opt/matlab/2011a/licenses/li
cense.dat:/nfs4/master/opt/matlab/2011a/licenses/network.lic 
FLEXnet Licensing error: -15,570. System Error: 115
License checkout failed.
License Manager Error -15
MATLAB is unable to connect to the license server. 
Check that the license manager has been started, and that the MATLAB client machine can communicate
with the license server.

Troubleshoot this issue by visiting: 
http://www.mathworks.com/support/lme15b

Diagnostic Information:
Feature: MATLAB 
License path: /opt/pgi/license.dat:/nfs4/master/opt/matlab/current/etc/license.dat:/nfs4/master/opt/matlab/current
/etc/*.lic: 
FLEXnet Licensing error: -15,570. System Error: 115
License checkout failed.
License Manager Error -15
MATLAB is unable to connect to the license server. 
Check that the license manager has been started, and that the MATLAB client machine can communicate
with the license server.

Troubleshoot this issue by visiting: 
http://www.mathworks.com/support/lme/R2011a/15

Diagnostic Information:
Feature: MATLAB 
License path: /opt/pgi/license.dat:/home/bigdata/.matlab/R2011a_licenses:/nfs4/master/opt/matlab/2011a/licenses/li
cense.dat:/nfs4/master/opt/matlab/2011a/licenses/network.lic 
FLEXnet Licensing error: -15,570. System Error: 115
License checkout failed.
License Manager Error -15
MATLAB is unable to connect to the license server. 
Check that the license manager has been started, and that the MATLAB client machine can communicate
with the license server.

Troubleshoot this issue by visiting: 
http://www.mathworks.com/support/lme/R2011a/15

Diagnostic Information:
Feature: MATLAB 
License path: /opt/pgi/license.dat:/home/bigdata/.matlab/R2011a_licenses:/nfs4/master/opt/matlab/2011a/licenses/li
cense.dat:/nfs4/master/opt/matlab/2011a/licenses/network.lic 
FLEXnet Licensing error: -15,570. System Error: 115
